[ACTION:] PAT Aion has just started the engine of his vehicle.
[ACTION:] PAT Aion has just stopped the engine of his vehicle.
[ACTION:] PAT Aion has just started the engine of his vehicle.
[ACTION:] PAT Tox has just started the engine of his vehicle.
[ACTION:] PAT Tox has just stopped the engine of his vehicle.
[ACTION:] PAT Tox has just started the engine of his vehicle.
[ACTION:] PAT Tox 1.
[ACTION:] PAT Tox has just started the engine of his vehicle.
[ACTION:] PAT Aion has just started the engine of his vehicle.
[ACTION:] PAT Aion has just started the engine of his vehicle.
[ACTION:] PAT Aion has just locked his vehicle.
[ACTION:] PAT Aion has just unlocked his vehicle.
[ACTION:] PAT Tox has just started the engine of his vehicle.
[ACTION:] PAT Tox has just started the engine of his vehicle.
[ACTION:] PAT Aion has just stopped the engine of his vehicle.
[ACTION:] PAT Aion has just started the engine of his vehicle.
[ACTION:] PAT Aion has just stopped the engine of his vehicle.
[ACTION:] PAT Aion has just started the engine of his vehicle.
[ACTION:] PAT Tox has just stopped the engine of his vehicle.
[ACTION:] PAT Aion has just stopped the engine of his vehicle.
[ACTION:] PAT Aion has just started the engine of his vehicle.
[ACTION:] PAT Aion has just stopped the engine of his vehicle.
[ACTION:] PAT Aion has just started the engine of his vehicle.
[ACTION:] PAT Tox has just started the engine of his vehicle.
[ACTION:] PAT Aion has just started the engine of his vehicle.
[ACTION:] PAT Aion has just started the engine of his vehicle.
[ACTION:] PAT Tox has just started the engine of his vehicle.
[ACTION:] PAT Tox has just stopped the engine of his vehicle.
[ACTION:] PAT Tox has just started the engine of his vehicle.
[ACTION:] PAT Tox has just started the engine of his vehicle.
[ACTION:] PAT Aion has just started the engine of his vehicle.
[ACTION:] PAT Tox recieves a package full of money from the bank clerk.
[ACTION:] PAT Tox recieves a package full of money from the bank clerk.
[ACTION:] PAT Tox has just started the engine of his vehicle.
[ACTION:] PAT Tox has just started the engine of his vehicle.
[ACTION:] PAT Aion has just started the engine of his vehicle.
[ACTION:] PAT Tox has just started the engine of his vehicle.
[ACTION:] PAT Aion has just started the engine of his vehicle.
[ACTION:] PAT Aion has just started the engine of his vehicle.
[ACTION:] PAT Aion has just started the engine of his vehicle.
[ACTION:] PAT Tox has just started the engine of his vehicle.
[ACTION:] PAT Tox has just started the engine of his vehicle.
[ACTION:] PAT Tox has just started the engine of his vehicle.
[ACTION:] PAT Tox has just started the engine of his vehicle.
[ACTION:] PAT Tox has just started the engine of his vehicle.
